INFO: Sentinel log output type is: file
INFO: Sentinel log charset is: utf-8
INFO: Sentinel log base directory is: /root/logs/csp/
INFO: Sentinel log name use pid is: false
INFO: Sentinel log level is: INFO

  .   ____          _            __ _ _
 /\\ / ___'_ __ _ _(_)_ __  __ _ \ \ \ \
( ( )\___ | '_ | '_| | '_ \/ _` | \ \ \ \
 \\/  ___)| |_)| | | | | || (_| |  ) ) ) )
  '  |____| .__|_| |_|_| |_\__, | / / / /
 =========|_|==============|___/=/_/_/_/
 :: Spring Boot ::               (v2.5.12)

2024-08-22 14:07:55.011  INFO 7 --- [           main] c.a.c.s.dashboard.DashboardApplication   : Starting DashboardApplication using Java 17.0.9 on songyu with PID 7 (/app/sentinel-dashboard.jar started by root in /app)
2024-08-22 14:07:55.013  INFO 7 --- [           main] c.a.c.s.dashboard.DashboardApplication   : No active profile set, falling back to 1 default profile: "default"
2024-08-22 14:07:55.698  INFO 7 --- [           main] o.s.b.w.embedded.tomcat.TomcatWebServer  : Tomcat initialized with port(s): 33333 (http)
2024-08-22 14:07:55.706  INFO 7 --- [           main] o.apache.catalina.core.StandardService   : Starting service [Tomcat]
2024-08-22 14:07:55.707  INFO 7 --- [           main] org.apache.catalina.core.StandardEngine  : Starting Servlet engine: [Apache Tomcat/9.0.60]
2024-08-22 14:07:55.758  INFO 7 --- [           main] o.a.c.c.C.[Tomcat].[localhost].[/]       : Initializing Spring embedded WebApplicationContext
2024-08-22 14:07:55.758  INFO 7 --- [           main] w.s.c.ServletWebServerApplicationContext : Root WebApplicationContext: initialization completed in 707 ms
2024-08-22 14:07:55.806  INFO 7 --- [           main] c.a.c.s.dashboard.config.WebConfig       : Sentinel servlet CommonFilter registered
2024-08-22 14:07:56.208  INFO 7 --- [           main] o.s.b.w.embedded.tomcat.TomcatWebServer  : Tomcat started on port(s): 33333 (http) with context path ''
2024-08-22 14:07:56.216  INFO 7 --- [           main] c.a.c.s.dashboard.DashboardApplication   : Started DashboardApplication in 1.493 seconds (JVM running for 1.827)
2024-08-22 14:07:59.731  INFO 7 --- [io-33333-exec-1] o.a.c.c.C.[Tomcat].[localhost].[/]       : Initializing Spring DispatcherServlet 'dispatcherServlet'
2024-08-22 14:07:59.731  INFO 7 --- [io-33333-exec-1] o.s.web.servlet.DispatcherServlet        : Initializing Servlet 'dispatcherServlet'
2024-08-22 14:07:59.732  INFO 7 --- [io-33333-exec-1] o.s.web.servlet.DispatcherServlet        : Completed initialization in 0 ms
